This file contains any messages produced by compilers while
running configure, to aid debugging if configure makes a mistake.

It was created by eqntott configure 9.0, which was
generated by GNU Autoconf 2.61.  Invocation command line was

  $ ./configure 

## --------- ##
## Platform. ##
## --------- ##

hostname = heterodyne
uname -m = i686
uname -r = 2.6.24-18-generic
uname -s = Linux
uname -v = #1 SMP Wed May 28 20:27:26 UTC 2008

/usr/bin/uname -p = unknown
/bin/uname -X     = unknown

/bin/arch              = unknown
/usr/bin/arch -k       = unknown
/usr/convex/getsysinfo = unknown
/usr/bin/hostinfo      = unknown
/bin/machine           = unknown
/usr/bin/oslevel       = unknown
/bin/universe          = unknown

PATH: /usr/local/balsa/bin
PATH: /usr/lib/kde4/bin
PATH: /usr/local/sbin
PATH: /usr/local/bin
PATH: /usr/sbin
PATH: /usr/bin
PATH: /sbin
PATH: /bin
PATH: /usr/games


## ----------- ##
## Core tests. ##
## ----------- ##

configure:1774: checking for a BSD-compatible install
configure:1830: result: /usr/bin/install -c
configure:1841: checking whether build environment is sane
configure:1884: result: yes
configure:1912: checking for a thread-safe mkdir -p
configure:1951: result: /bin/mkdir -p
configure:1964: checking for gawk
configure:1980: found /usr/bin/gawk
configure:1991: result: gawk
configure:2002: checking whether make sets $(MAKE)
configure:2023: result: yes
configure:2264: checking for gcc
configure:2280: found /usr/bin/gcc
configure:2291: result: gcc
configure:2529: checking for C compiler version
configure:2536: gcc --version >&5
gcc (GCC) 4.2.3 (Ubuntu 4.2.3-2ubuntu7)
Copyright (C) 2007 Free Software Foundation, Inc.
This is free software; see the source for copying conditions.  There is NO
warranty; not even for MERCHANTABILITY or FITNESS FOR A PARTICULAR PURPOSE.

configure:2539: $? = 0
configure:2546: gcc -v >&5
Using built-in specs.
Target: i486-linux-gnu
Configured with: ../src/configure -v --enable-languages=c,c++,fortran,objc,obj-c++,treelang --prefix=/usr --enable-shared --with-system-zlib --libexecdir=/usr/lib --without-included-gettext --enable-threads=posix --enable-nls --with-gxx-include-dir=/usr/include/c++/4.2 --program-suffix=-4.2 --enable-clocale=gnu --enable-libstdcxx-debug --enable-objc-gc --enable-mpfr --enable-targets=all --enable-checking=release --build=i486-linux-gnu --host=i486-linux-gnu --target=i486-linux-gnu
Thread model: posix
gcc version 4.2.3 (Ubuntu 4.2.3-2ubuntu7)
configure:2549: $? = 0
configure:2556: gcc -V >&5
gcc: '-V' option must have argument
configure:2559: $? = 1
configure:2582: checking for C compiler default output file name
configure:2609: gcc    conftest.c  >&5
configure:2612: $? = 0
configure:2650: result: a.out
configure:2667: checking whether the C compiler works
configure:2677: ./a.out
configure:2680: $? = 0
configure:2697: result: yes
configure:2704: checking whether we are cross compiling
configure:2706: result: no
configure:2709: checking for suffix of executables
configure:2716: gcc -o conftest    conftest.c  >&5
configure:2719: $? = 0
configure:2743: result: 
configure:2749: checking for suffix of object files
configure:2775: gcc -c   conftest.c >&5
configure:2778: $? = 0
configure:2801: result: o
configure:2805: checking whether we are using the GNU C compiler
configure:2834: gcc -c   conftest.c >&5
configure:2840: $? = 0
configure:2857: result: yes
configure:2862: checking whether gcc accepts -g
configure:2892: gcc -c -g  conftest.c >&5
configure:2898: $? = 0
configure:2997: result: yes
configure:3014: checking for gcc option to accept ISO C89
configure:3088: gcc  -c -g -O2  conftest.c >&5
configure:3094: $? = 0
configure:3117: result: none needed
configure:3146: checking for style of include used by make
configure:3174: result: GNU
configure:3199: checking dependency style of gcc
configure:3290: result: gcc3
configure:3315: checking how to run the C preprocessor
configure:3355: gcc -E  conftest.c
configure:3361: $? = 0
configure:3392: gcc -E  conftest.c
conftest.c:10:28: error: ac_nonexistent.h: No such file or directory
configure:3398: $? = 1
configure: failed program was:
| /* confdefs.h.  */
| #define PACKAGE_NAME "eqntott"
| #define PACKAGE_TARNAME "eqntott"
| #define PACKAGE_VERSION "9.0"
| #define PACKAGE_STRING "eqntott 9.0"
| #define PACKAGE_BUGREPORT "pjscott@iastate.edu"
| #define PACKAGE "eqntott"
| #define VERSION "9.0"
| /* end confdefs.h.  */
| #include <ac_nonexistent.h>
configure:3431: result: gcc -E
configure:3460: gcc -E  conftest.c
configure:3466: $? = 0
configure:3497: gcc -E  conftest.c
conftest.c:10:28: error: ac_nonexistent.h: No such file or directory
configure:3503: $? = 1
configure: failed program was:
| /* confdefs.h.  */
| #define PACKAGE_NAME "eqntott"
| #define PACKAGE_TARNAME "eqntott"
| #define PACKAGE_VERSION "9.0"
| #define PACKAGE_STRING "eqntott 9.0"
| #define PACKAGE_BUGREPORT "pjscott@iastate.edu"
| #define PACKAGE "eqntott"
| #define VERSION "9.0"
| /* end confdefs.h.  */
| #include <ac_nonexistent.h>
configure:3541: checking for grep that handles long lines and -e
configure:3615: result: /bin/grep
configure:3620: checking for egrep
configure:3698: result: /bin/grep -E
configure:3703: checking for ANSI C header files
configure:3733: gcc -c -g -O2  conftest.c >&5
configure:3739: $? = 0
configure:3838: gcc -o conftest -g -O2   conftest.c  >&5
configure:3841: $? = 0
configure:3847: ./conftest
configure:3850: $? = 0
configure:3867: result: yes
configure:3891: checking for sys/types.h
configure:3912: gcc -c -g -O2  conftest.c >&5
configure:3918: $? = 0
configure:3934: result: yes
configure:3891: checking for sys/stat.h
configure:3912: gcc -c -g -O2  conftest.c >&5
configure:3918: $? = 0
configure:3934: result: yes
configure:3891: checking for stdlib.h
configure:3912: gcc -c -g -O2  conftest.c >&5
configure:3918: $? = 0
configure:3934: result: yes
configure:3891: checking for string.h
configure:3912: gcc -c -g -O2  conftest.c >&5
configure:3918: $? = 0
configure:3934: result: yes
configure:3891: checking for memory.h
configure:3912: gcc -c -g -O2  conftest.c >&5
configure:3918: $? = 0
configure:3934: result: yes
configure:3891: checking for strings.h
configure:3912: gcc -c -g -O2  conftest.c >&5
configure:3918: $? = 0
configure:3934: result: yes
configure:3891: checking for inttypes.h
configure:3912: gcc -c -g -O2  conftest.c >&5
configure:3918: $? = 0
configure:3934: result: yes
configure:3891: checking for stdint.h
configure:3912: gcc -c -g -O2  conftest.c >&5
configure:3918: $? = 0
configure:3934: result: yes
configure:3891: checking for unistd.h
configure:3912: gcc -c -g -O2  conftest.c >&5
configure:3918: $? = 0
configure:3934: result: yes
configure:3948: checking for working alloca.h
configure:3975: gcc -o conftest -g -O2   conftest.c  >&5
configure:3981: $? = 0
configure:3998: result: yes
configure:4008: checking for alloca
configure:4055: gcc -o conftest -g -O2   conftest.c  >&5
configure:4061: $? = 0
configure:4078: result: yes
configure:4305: checking for ANSI C header files
configure:4469: result: yes
configure:4497: checking libintl.h usability
configure:4514: gcc -c -g -O2  conftest.c >&5
configure:4520: $? = 0
configure:4534: result: yes
configure:4538: checking libintl.h presence
configure:4553: gcc -E  conftest.c
configure:4559: $? = 0
configure:4573: result: yes
configure:4606: checking for libintl.h
configure:4614: result: yes
configure:4497: checking malloc.h usability
configure:4514: gcc -c -g -O2  conftest.c >&5
configure:4520: $? = 0
configure:4534: result: yes
configure:4538: checking malloc.h presence
configure:4553: gcc -E  conftest.c
configure:4559: $? = 0
configure:4573: result: yes
configure:4606: checking for malloc.h
configure:4614: result: yes
configure:4497: checking stddef.h usability
configure:4514: gcc -c -g -O2  conftest.c >&5
configure:4520: $? = 0
configure:4534: result: yes
configure:4538: checking stddef.h presence
configure:4553: gcc -E  conftest.c
configure:4559: $? = 0
configure:4573: result: yes
configure:4606: checking for stddef.h
configure:4614: result: yes
configure:4487: checking for stdlib.h
configure:4493: result: yes
configure:4629: checking for an ANSI C-conforming const
configure:4704: gcc -c -g -O2  conftest.c >&5
configure:4710: $? = 0
configure:4725: result: yes
configure:4735: checking for size_t
configure:4765: gcc -c -g -O2  conftest.c >&5
configure:4771: $? = 0
configure:4786: result: yes
configure:4800: checking for pid_t
configure:4830: gcc -c -g -O2  conftest.c >&5
configure:4836: $? = 0
configure:4851: result: yes
configure:4878: checking vfork.h usability
configure:4895: gcc -c -g -O2  conftest.c >&5
conftest.c:60:19: error: vfork.h: No such file or directory
configure:4901: $? = 1
configure: failed program was:
| /* confdefs.h.  */
| #define PACKAGE_NAME "eqntott"
| #define PACKAGE_TARNAME "eqntott"
| #define PACKAGE_VERSION "9.0"
| #define PACKAGE_STRING "eqntott 9.0"
| #define PACKAGE_BUGREPORT "pjscott@iastate.edu"
| #define PACKAGE "eqntott"
| #define VERSION "9.0"
| #define STDC_HEADERS 1
| #define HAVE_SYS_TYPES_H 1
| #define HAVE_SYS_STAT_H 1
| #define HAVE_STDLIB_H 1
| #define HAVE_STRING_H 1
| #define HAVE_MEMORY_H 1
| #define HAVE_STRINGS_H 1
| #define HAVE_INTTYPES_H 1
| #define HAVE_STDINT_H 1
| #define HAVE_UNISTD_H 1
| #define HAVE_ALLOCA_H 1
| #define HAVE_ALLOCA 1
| #define STDC_HEADERS 1
| #define HAVE_LIBINTL_H 1
| #define HAVE_MALLOC_H 1
| #define HAVE_STDDEF_H 1
| #define HAVE_STDLIB_H 1
| /* end confdefs.h.  */
| #include <stdio.h>
| #ifdef HAVE_SYS_TYPES_H
| # include <sys/types.h>
| #endif
| #ifdef HAVE_SYS_STAT_H
| # include <sys/stat.h>
| #endif
| #ifdef STDC_HEADERS
| # include <stdlib.h>
| # include <stddef.h>
| #else
| # ifdef HAVE_STDLIB_H
| #  include <stdlib.h>
| # endif
| #endif
| #ifdef HAVE_STRING_H
| # if !defined STDC_HEADERS && defined HAVE_MEMORY_H
| #  include <memory.h>
| # endif
| # include <string.h>
| #endif
| #ifdef HAVE_STRINGS_H
| # include <strings.h>
| #endif
| #ifdef HAVE_INTTYPES_H
| # include <inttypes.h>
| #endif
| #ifdef HAVE_STDINT_H
| # include <stdint.h>
| #endif
| #ifdef HAVE_UNISTD_H
| # include <unistd.h>
| #endif
| #include <vfork.h>
configure:4915: result: no
configure:4919: checking vfork.h presence
configure:4934: gcc -E  conftest.c
conftest.c:27:19: error: vfork.h: No such file or directory
configure:4940: $? = 1
configure: failed program was:
| /* confdefs.h.  */
| #define PACKAGE_NAME "eqntott"
| #define PACKAGE_TARNAME "eqntott"
| #define PACKAGE_VERSION "9.0"
| #define PACKAGE_STRING "eqntott 9.0"
| #define PACKAGE_BUGREPORT "pjscott@iastate.edu"
| #define PACKAGE "eqntott"
| #define VERSION "9.0"
| #define STDC_HEADERS 1
| #define HAVE_SYS_TYPES_H 1
| #define HAVE_SYS_STAT_H 1
| #define HAVE_STDLIB_H 1
| #define HAVE_STRING_H 1
| #define HAVE_MEMORY_H 1
| #define HAVE_STRINGS_H 1
| #define HAVE_INTTYPES_H 1
| #define HAVE_STDINT_H 1
| #define HAVE_UNISTD_H 1
| #define HAVE_ALLOCA_H 1
| #define HAVE_ALLOCA 1
| #define STDC_HEADERS 1
| #define HAVE_LIBINTL_H 1
| #define HAVE_MALLOC_H 1
| #define HAVE_STDDEF_H 1
| #define HAVE_STDLIB_H 1
| /* end confdefs.h.  */
| #include <vfork.h>
configure:4954: result: no
configure:4987: checking for vfork.h
configure:4995: result: no
configure:5013: checking for fork
configure:5069: gcc -o conftest -g -O2   conftest.c  >&5
conftest.c:50: warning: conflicting types for built-in function 'fork'
configure:5075: $? = 0
configure:5093: result: yes
configure:5013: checking for vfork
configure:5069: gcc -o conftest -g -O2   conftest.c  >&5
configure:5075: $? = 0
configure:5093: result: yes
configure:5104: checking for working fork
configure:5136: gcc -o conftest -g -O2   conftest.c  >&5
configure:5139: $? = 0
configure:5145: ./conftest
configure:5148: $? = 0
configure:5164: result: yes
configure:5185: checking for working vfork
configure:5323: result: yes
configure:5359: checking for stdlib.h
configure:5365: result: yes
configure:5499: checking for GNU libc compatible malloc
configure:5533: gcc -o conftest -g -O2   conftest.c  >&5
configure:5536: $? = 0
configure:5542: ./conftest
configure:5545: $? = 0
configure:5561: result: yes
configure:5706: creating ./config.status

## ---------------------- ##
## Running config.status. ##
## ---------------------- ##

This file was extended by eqntott config.status 9.0, which was
generated by GNU Autoconf 2.61.  Invocation command line was

  CONFIG_FILES    = 
  CONFIG_HEADERS  = 
  CONFIG_LINKS    = 
  CONFIG_COMMANDS = 
  $ ./config.status 

on heterodyne

config.status:638: creating Makefile
config.status:638: creating src/Makefile
config.status:638: creating doc/Makefile
config.status:638: creating src/config.h
config.status:877: src/config.h is unchanged
config.status:924: executing depfiles commands

## ---------------- ##
## Cache variables. ##
## ---------------- ##

ac_cv_c_compiler_gnu=yes
ac_cv_c_const=yes
ac_cv_env_CC_set=
ac_cv_env_CC_value=
ac_cv_env_CFLAGS_set=
ac_cv_env_CFLAGS_value=
ac_cv_env_CPPFLAGS_set=
ac_cv_env_CPPFLAGS_value=
ac_cv_env_CPP_set=
ac_cv_env_CPP_value=
ac_cv_env_LDFLAGS_set=
ac_cv_env_LDFLAGS_value=
ac_cv_env_LIBS_set=
ac_cv_env_LIBS_value=
ac_cv_env_build_alias_set=
ac_cv_env_build_alias_value=
ac_cv_env_host_alias_set=
ac_cv_env_host_alias_value=
ac_cv_env_target_alias_set=
ac_cv_env_target_alias_value=
ac_cv_func_alloca_works=yes
ac_cv_func_fork=yes
ac_cv_func_fork_works=yes
ac_cv_func_malloc_0_nonnull=yes
ac_cv_func_vfork=yes
ac_cv_func_vfork_works=yes
ac_cv_header_inttypes_h=yes
ac_cv_header_libintl_h=yes
ac_cv_header_malloc_h=yes
ac_cv_header_memory_h=yes
ac_cv_header_stdc=yes
ac_cv_header_stddef_h=yes
ac_cv_header_stdint_h=yes
ac_cv_header_stdlib_h=yes
ac_cv_header_string_h=yes
ac_cv_header_strings_h=yes
ac_cv_header_sys_stat_h=yes
ac_cv_header_sys_types_h=yes
ac_cv_header_unistd_h=yes
ac_cv_header_vfork_h=no
ac_cv_objext=o
ac_cv_path_EGREP='/bin/grep -E'
ac_cv_path_GREP=/bin/grep
ac_cv_path_install='/usr/bin/install -c'
ac_cv_path_mkdir=/bin/mkdir
ac_cv_prog_AWK=gawk
ac_cv_prog_CPP='gcc -E'
ac_cv_prog_ac_ct_CC=gcc
ac_cv_prog_cc_c89=
ac_cv_prog_cc_g=yes
ac_cv_prog_make_make_set=yes
ac_cv_type_pid_t=yes
ac_cv_type_size_t=yes
ac_cv_working_alloca_h=yes
am_cv_CC_dependencies_compiler_type=gcc3

## ----------------- ##
## Output variables. ##
## ----------------- ##

ACLOCAL='${SHELL} /home/pjscott/hacking/eqntott/missing --run aclocal-1.10'
ALLOCA=''
AMDEPBACKSLASH='\'
AMDEP_FALSE='#'
AMDEP_TRUE=''
AMTAR='${SHELL} /home/pjscott/hacking/eqntott/missing --run tar'
AUTOCONF='${SHELL} /home/pjscott/hacking/eqntott/missing --run autoconf'
AUTOHEADER='${SHELL} /home/pjscott/hacking/eqntott/missing --run autoheader'
AUTOMAKE='${SHELL} /home/pjscott/hacking/eqntott/missing --run automake-1.10'
AWK='gawk'
CC='gcc'
CCDEPMODE='depmode=gcc3'
CFLAGS='-g -O2'
CPP='gcc -E'
CPPFLAGS=''
CYGPATH_W='echo'
DEFS='-DHAVE_CONFIG_H'
DEPDIR='.deps'
ECHO_C=''
ECHO_N='-n'
ECHO_T=''
EGREP='/bin/grep -E'
EXEEXT=''
GREP='/bin/grep'
INSTALL_DATA='${INSTALL} -m 644'
INSTALL_PROGRAM='${INSTALL}'
INSTALL_SCRIPT='${INSTALL}'
INSTALL_STRIP_PROGRAM='$(install_sh) -c -s'
LDFLAGS=''
LIBOBJS=''
LIBS=''
LTLIBOBJS=''
MAKEINFO='${SHELL} /home/pjscott/hacking/eqntott/missing --run makeinfo'
OBJEXT='o'
PACKAGE='eqntott'
PACKAGE_BUGREPORT='pjscott@iastate.edu'
PACKAGE_NAME='eqntott'
PACKAGE_STRING='eqntott 9.0'
PACKAGE_TARNAME='eqntott'
PACKAGE_VERSION='9.0'
PATH_SEPARATOR=':'
SET_MAKE=''
SHELL='/bin/bash'
STRIP=''
VERSION='9.0'
ac_ct_CC='gcc'
am__fastdepCC_FALSE='#'
am__fastdepCC_TRUE=''
am__include='include'
am__isrc=''
am__leading_dot='.'
am__quote=''
am__tar='${AMTAR} chof - "$$tardir"'
am__untar='${AMTAR} xf -'
bindir='${exec_prefix}/bin'
build_alias=''
datadir='${datarootdir}'
datarootdir='${prefix}/share'
docdir='${datarootdir}/doc/${PACKAGE_TARNAME}'
dvidir='${docdir}'
exec_prefix='${prefix}'
host_alias=''
htmldir='${docdir}'
includedir='${prefix}/include'
infodir='${datarootdir}/info'
install_sh='$(SHELL) /home/pjscott/hacking/eqntott/install-sh'
libdir='${exec_prefix}/lib'
libexecdir='${exec_prefix}/libexec'
localedir='${datarootdir}/locale'
localstatedir='${prefix}/var'
mandir='${datarootdir}/man'
mkdir_p='/bin/mkdir -p'
oldincludedir='/usr/include'
pdfdir='${docdir}'
prefix='/usr/local'
program_transform_name='s,x,x,'
psdir='${docdir}'
sbindir='${exec_prefix}/sbin'
sharedstatedir='${prefix}/com'
sysconfdir='${prefix}/etc'
target_alias=''

## ----------- ##
## confdefs.h. ##
## ----------- ##

#define PACKAGE_NAME "eqntott"
#define PACKAGE_TARNAME "eqntott"
#define PACKAGE_VERSION "9.0"
#define PACKAGE_STRING "eqntott 9.0"
#define PACKAGE_BUGREPORT "pjscott@iastate.edu"
#define PACKAGE "eqntott"
#define VERSION "9.0"
#define STDC_HEADERS 1
#define HAVE_SYS_TYPES_H 1
#define HAVE_SYS_STAT_H 1
#define HAVE_STDLIB_H 1
#define HAVE_STRING_H 1
#define HAVE_MEMORY_H 1
#define HAVE_STRINGS_H 1
#define HAVE_INTTYPES_H 1
#define HAVE_STDINT_H 1
#define HAVE_UNISTD_H 1
#define HAVE_ALLOCA_H 1
#define HAVE_ALLOCA 1
#define STDC_HEADERS 1
#define HAVE_LIBINTL_H 1
#define HAVE_MALLOC_H 1
#define HAVE_STDDEF_H 1
#define HAVE_STDLIB_H 1
#define HAVE_FORK 1
#define HAVE_VFORK 1
#define HAVE_WORKING_VFORK 1
#define HAVE_WORKING_FORK 1
#define HAVE_STDLIB_H 1
#define HAVE_MALLOC 1

configure: exit 0

## ---------------------- ##
## Running config.status. ##
## ---------------------- ##

This file was extended by eqntott config.status 9.0, which was
generated by GNU Autoconf 2.61.  Invocation command line was

  CONFIG_FILES    = 
  CONFIG_HEADERS  = 
  CONFIG_LINKS    = 
  CONFIG_COMMANDS = 
  $ ./config.status src/config.h

on heterodyne

config.status:638: creating src/config.h
